Performing C SOURCE FILE Test CMAKE_HAVE_LIBC_PTHREAD failed with the following output:
Change Dir: /home/wxy/wxywork/DataBase/scudb_initial_project1/build/CMakeFiles/CMakeTmp

Run Build Command(s):/usr/bin/make -f Makefile cmTC_19e69/fast && /usr/bin/make  -f CMakeFiles/cmTC_19e69.dir/build.make CMakeFiles/cmTC_19e69.dir/build
make[1]: Entering directory '/home/wxy/wxywork/DataBase/scudb_initial_project1/build/CMakeFiles/CMakeTmp'
Building C object CMakeFiles/cmTC_19e69.dir/src.c.o
/usr/bin/cc -DCMAKE_HAVE_LIBC_PTHREAD   -o CMakeFiles/cmTC_19e69.dir/src.c.o -c /home/wxy/wxywork/DataBase/scudb_initial_project1/build/CMakeFiles/CMakeTmp/src.c
Linking C executable cmTC_19e69
/usr/bin/cmake -E cmake_link_script CMakeFiles/cmTC_19e69.dir/link.txt --verbose=1
/usr/bin/cc -rdynamic CMakeFiles/cmTC_19e69.dir/src.c.o -o cmTC_19e69 
CMakeFiles/cmTC_19e69.dir/src.c.o：在函数‘main’中：
src.c:(.text+0x3c)：对‘pthread_create’未定义的引用
src.c:(.text+0x48)：对‘pthread_detach’未定义的引用
src.c:(.text+0x54)：对‘pthread_cancel’未定义的引用
src.c:(.text+0x65)：对‘pthread_join’未定义的引用
src.c:(.text+0x79)：对‘pthread_atfork’未定义的引用
collect2: error: ld returned 1 exit status
CMakeFiles/cmTC_19e69.dir/build.make:98: recipe for target 'cmTC_19e69' failed
make[1]: *** [cmTC_19e69] Error 1
make[1]: Leaving directory '/home/wxy/wxywork/DataBase/scudb_initial_project1/build/CMakeFiles/CMakeTmp'
Makefile:127: recipe for target 'cmTC_19e69/fast' failed
make: *** [cmTC_19e69/fast] Error 2


Source file was:
#include <pthread.h>

static void* test_func(void* data)
{
  return data;
}

int main(void)
{
  pthread_t thread;
  pthread_create(&thread, NULL, test_func, NULL);
  pthread_detach(thread);
  pthread_cancel(thread);
  pthread_join(thread, NULL);
  pthread_atfork(NULL, NULL, NULL);
  pthread_exit(NULL);

  return 0;
}

Determining if the function pthread_create exists in the pthreads failed with the following output:
Change Dir: /home/wxy/wxywork/DataBase/scudb_initial_project1/build/CMakeFiles/CMakeTmp

Run Build Command(s):/usr/bin/make -f Makefile cmTC_9d700/fast && /usr/bin/make  -f CMakeFiles/cmTC_9d700.dir/build.make CMakeFiles/cmTC_9d700.dir/build
make[1]: Entering directory '/home/wxy/wxywork/DataBase/scudb_initial_project1/build/CMakeFiles/CMakeTmp'
Building C object CMakeFiles/cmTC_9d700.dir/CheckFunctionExists.c.o
/usr/bin/cc   -DCHECK_FUNCTION_EXISTS=pthread_create -o CMakeFiles/cmTC_9d700.dir/CheckFunctionExists.c.o -c /usr/share/cmake-3.20/Modules/CheckFunctionExists.c
Linking C executable cmTC_9d700
/usr/bin/cmake -E cmake_link_script CMakeFiles/cmTC_9d700.dir/link.txt --verbose=1
/usr/bin/cc  -DCHECK_FUNCTION_EXISTS=pthread_create -rdynamic CMakeFiles/cmTC_9d700.dir/CheckFunctionExists.c.o -o cmTC_9d700  -lpthreads 
/usr/bin/ld: 找不到 -lpthreads
collect2: error: ld returned 1 exit status
CMakeFiles/cmTC_9d700.dir/build.make:98: recipe for target 'cmTC_9d700' failed
make[1]: *** [cmTC_9d700] Error 1
make[1]: Leaving directory '/home/wxy/wxywork/DataBase/scudb_initial_project1/build/CMakeFiles/CMakeTmp'
Makefile:127: recipe for target 'cmTC_9d700/fast' failed
make: *** [cmTC_9d700/fast] Error 2



